current directory: /Users/thomashunckler/code/thomas6791/celine-w-j-24/.bundle/ruby/3.2.0/gems/psych-5.1.2/ext/psych
/Users/thomashunckler/.rbenv/versions/3.2.1/bin/ruby -I /Users/thomashunckler/.rbenv/versions/3.2.1/lib/ruby/3.2.0 extconf.rb
checking for yaml.h... yes
checking for yaml_get_version() in -lyaml... yes
creating Makefile

current directory: /Users/thomashunckler/code/thomas6791/celine-w-j-24/.bundle/ruby/3.2.0/gems/psych-5.1.2/ext/psych
make DESTDIR\= sitearchdir\=./.gem.20240407-73423-q3eeea sitelibdir\=./.gem.20240407-73423-q3eeea clean
cd libyaml && /Library/Developer/CommandLineTools/usr/bin/make clean
/bin/sh: line 0: cd: libyaml: No such file or directory
make: [clean-so] Error 1 (ignored)

current directory: /Users/thomashunckler/code/thomas6791/celine-w-j-24/.bundle/ruby/3.2.0/gems/psych-5.1.2/ext/psych
make DESTDIR\= sitearchdir\=./.gem.20240407-73423-q3eeea sitelibdir\=./.gem.20240407-73423-q3eeea
compiling psych.c
compiling psych_emitter.c
compiling psych_parser.c
compiling psych_to_ruby.c
compiling psych_yaml_tree.c
linking shared-object psych.bundle

current directory: /Users/thomashunckler/code/thomas6791/celine-w-j-24/.bundle/ruby/3.2.0/gems/psych-5.1.2/ext/psych
make DESTDIR\= sitearchdir\=./.gem.20240407-73423-q3eeea sitelibdir\=./.gem.20240407-73423-q3eeea install
/usr/bin/install -c -m 0755 psych.bundle ./.gem.20240407-73423-q3eeea

current directory: /Users/thomashunckler/code/thomas6791/celine-w-j-24/.bundle/ruby/3.2.0/gems/psych-5.1.2/ext/psych
make DESTDIR\= sitearchdir\=./.gem.20240407-73423-q3eeea sitelibdir\=./.gem.20240407-73423-q3eeea clean
cd libyaml && /Library/Developer/CommandLineTools/usr/bin/make clean
/bin/sh: line 0: cd: libyaml: No such file or directory
make: [clean-so] Error 1 (ignored)
