current directory: /Users/thomashunckler/code/thomas6791/celine-w-j-24/.bundle/ruby/3.2.0/gems/io-console-0.7.2/ext/io/console
/Users/thomashunckler/.rbenv/versions/3.2.1/bin/ruby -I /Users/thomashunckler/.rbenv/versions/3.2.1/lib/ruby/3.2.0 extconf.rb
checking for rb_io_path()... no
checking for rb_io_descriptor()... yes
checking for rb_io_get_write_io()... yes
checking for rb_io_closed_p()... no
checking for rb_io_open_descriptor()... no
checking for termios.h... yes
checking for cfmakeraw() in termios.h... yes
checking for sys/ioctl.h... yes
checking for HAVE_RUBY_FIBER_SCHEDULER_H... yes
creating Makefile

current directory: /Users/thomashunckler/code/thomas6791/celine-w-j-24/.bundle/ruby/3.2.0/gems/io-console-0.7.2/ext/io/console
make DESTDIR\= sitearchdir\=./.gem.20240407-73423-hd5vkp sitelibdir\=./.gem.20240407-73423-hd5vkp clean

current directory: /Users/thomashunckler/code/thomas6791/celine-w-j-24/.bundle/ruby/3.2.0/gems/io-console-0.7.2/ext/io/console
make DESTDIR\= sitearchdir\=./.gem.20240407-73423-hd5vkp sitelibdir\=./.gem.20240407-73423-hd5vkp
compiling console.c
linking shared-object io/console.bundle

current directory: /Users/thomashunckler/code/thomas6791/celine-w-j-24/.bundle/ruby/3.2.0/gems/io-console-0.7.2/ext/io/console
make DESTDIR\= sitearchdir\=./.gem.20240407-73423-hd5vkp sitelibdir\=./.gem.20240407-73423-hd5vkp install
/usr/bin/install -c -m 0755 console.bundle ./.gem.20240407-73423-hd5vkp/io

current directory: /Users/thomashunckler/code/thomas6791/celine-w-j-24/.bundle/ruby/3.2.0/gems/io-console-0.7.2/ext/io/console
make DESTDIR\= sitearchdir\=./.gem.20240407-73423-hd5vkp sitelibdir\=./.gem.20240407-73423-hd5vkp clean
