current directory: /Users/thomashunckler/code/thomas6791/celine-w-j-24/.bundle/ruby/3.2.0/gems/prism-0.24.0/ext/prism
/Users/thomashunckler/.rbenv/versions/3.2.1/bin/ruby -I /Users/thomashunckler/.rbenv/versions/3.2.1/lib/ruby/3.2.0 extconf.rb
checking for prism.h in /Users/thomashunckler/code/thomas6791/celine-w-j-24/.bundle/ruby/3.2.0/gems/prism-0.24.0/include... yes
checking for prism/extension.h in /Users/thomashunckler/code/thomas6791/celine-w-j-24/.bundle/ruby/3.2.0/gems/prism-0.24.0/ext... yes
checking for whether -fvisibility=hidden is accepted as CFLAGS... yes
compiling build/static/diagnostic.o
compiling build/static/token_type.o
compiling build/static/prettyprint.o
compiling build/static/util/pm_strpbrk.o
compiling build/static/util/pm_char.o
compiling build/static/util/pm_memchr.o
compiling build/static/util/pm_list.o
compiling build/static/util/pm_strncasecmp.o
compiling build/static/util/pm_state_stack.o
compiling build/static/util/pm_string.o
compiling build/static/util/pm_newline_list.o
compiling build/static/util/pm_string_list.o
compiling build/static/util/pm_buffer.o
compiling build/static/util/pm_constant_pool.o
compiling build/static/serialize.o
compiling build/static/regexp.o
compiling build/static/pack.o
compiling build/static/prism.o
compiling build/static/options.o
compiling build/static/node.o
compiling build/static/encoding.o
building build/libprism.a
ar: creating archive build/libprism.a
creating Makefile

current directory: /Users/thomashunckler/code/thomas6791/celine-w-j-24/.bundle/ruby/3.2.0/gems/prism-0.24.0/ext/prism
make DESTDIR\= sitearchdir\=./.gem.20240407-73423-mh0vmx sitelibdir\=./.gem.20240407-73423-mh0vmx clean

current directory: /Users/thomashunckler/code/thomas6791/celine-w-j-24/.bundle/ruby/3.2.0/gems/prism-0.24.0/ext/prism
make DESTDIR\= sitearchdir\=./.gem.20240407-73423-mh0vmx sitelibdir\=./.gem.20240407-73423-mh0vmx
compiling api_node.c
compiling api_pack.c
compiling extension.c
linking shared-object prism/prism.bundle

current directory: /Users/thomashunckler/code/thomas6791/celine-w-j-24/.bundle/ruby/3.2.0/gems/prism-0.24.0/ext/prism
make DESTDIR\= sitearchdir\=./.gem.20240407-73423-mh0vmx sitelibdir\=./.gem.20240407-73423-mh0vmx install
/usr/bin/install -c -m 0755 prism.bundle ./.gem.20240407-73423-mh0vmx/prism

current directory: /Users/thomashunckler/code/thomas6791/celine-w-j-24/.bundle/ruby/3.2.0/gems/prism-0.24.0/ext/prism
make DESTDIR\= sitearchdir\=./.gem.20240407-73423-mh0vmx sitelibdir\=./.gem.20240407-73423-mh0vmx clean
